<?xml version="1.0" encoding="UTF-8"?>
<!-- Generated by org.testng.reporters.JUnitReportReporter -->
<testsuite hostname="Gopi-PC" failures="0" tests="1" name="E_Commerce.Tests.StandAloneTest" time="59.379" errors="0" timestamp="2024-03-18T19:45:49 IST" skipped="0">
  <testcase classname="E_Commerce.Tests.StandAloneTest" name="productBuying" time="59.379"/>
  <system-out/>
</testsuite> <!-- E_Commerce.Tests.StandAloneTest -->
