<?xml version="1.0" encoding="UTF-8"?>
<!-- Generated by org.testng.reporters.JUnitReportReporter -->
<testsuite hostname="Gopi-PC" failures="0" tests="1" name="RedBus.Tests.FooterLinks" time="13.742" errors="0" timestamp="2024-03-23T17:01:07 IST" skipped="0">
  <testcase classname="RedBus.Tests.FooterLinks" name="footerLinksChecking" time="13.742"/>
</testsuite> <!-- RedBus.Tests.FooterLinks -->
