<?xml version="1.0" encoding="UTF-8"?>
<!-- Generated by org.testng.reporters.JUnitReportReporter -->
<testsuite hostname="Gopi-PC" failures="0" tests="2" name="RedBus.Tests.SearchBusTest" time="29.349" errors="0" timestamp="2024-03-23T18:45:16 IST" skipped="0">
  <testcase classname="RedBus.Tests.SearchBusTest" name="BusSearch" time="17.675"/>
  <testcase classname="RedBus.Tests.SearchBusTest" name="isLogoResent" time="11.674"/>
</testsuite> <!-- RedBus.Tests.SearchBusTest -->
