<?xml version="1.0" encoding="UTF-8"?>
<!-- Generated by org.testng.reporters.JUnitReportReporter -->
<testsuite hostname="Gopi-PC" failures="0" tests="1" name="E_Commerce.Tests.StandAloneTest" time="23.822" errors="0" timestamp="2024-03-18T20:17:40 IST" skipped="0">
  <testcase classname="E_Commerce.Tests.StandAloneTest" name="productBuying" time="23.822"/>
</testsuite> <!-- E_Commerce.Tests.StandAloneTest -->
