<?xml version="1.0" encoding="UTF-8"?>
<!-- Generated by org.testng.reporters.JUnitReportReporter -->
<testsuite hostname="Gopi-PC" failures="0" tests="1" name="AmazonProject.Tests.LocationTest" time="55.576" errors="0" timestamp="2024-03-10T20:24:01 IST" skipped="0">
  <testcase classname="AmazonProject.Tests.LocationTest" name="locationTest" time="55.576"/>
</testsuite> <!-- AmazonProject.Tests.LocationTest -->
