<?xml version="1.0" encoding="UTF-8"?>
<!-- Generated by org.testng.reporters.JUnitReportReporter -->
<testsuite hostname="Gopi-PC" failures="0" tests="1" name="AmazonProject.Tests.ProductTest" time="40.750" errors="0" timestamp="2024-03-10T20:28:38 IST" skipped="0">
  <testcase classname="AmazonProject.Tests.ProductTest" name="verifyProductName" time="40.750"/>
</testsuite> <!-- AmazonProject.Tests.ProductTest -->
