<?xml version="1.0" encoding="UTF-8"?>
<!-- Generated by org.testng.reporters.JUnitReportReporter -->
<testsuite hostname="Gopi-PC" failures="0" tests="2" name="AmazonProject.Tests.SignInTest" time="66.964" errors="0" timestamp="2024-03-11T16:53:46 IST" skipped="0">
  <testcase classname="AmazonProject.Tests.SignInTest" name="signIn" time="34.524"/>
  <testcase classname="AmazonProject.Tests.SignInTest" name="signIn" time="32.440"/>
</testsuite> <!-- AmazonProject.Tests.SignInTest -->
