<?xml version="1.0" encoding="UTF-8"?>
<!-- Generated by org.testng.reporters.JUnitReportReporter -->
<testsuite hostname="Gopi-PC" failures="0" tests="1" name="Cucumber.TestNGTestRunner" time="51.816" errors="0" timestamp="2024-03-12T20:40:06 IST" skipped="0">
  <testcase classname="Cucumber.TestNGTestRunner" name="runScenario" time="51.816"/>
</testsuite> <!-- Cucumber.TestNGTestRunner -->
