<?xml version="1.0" encoding="UTF-8"?>
<!-- Generated by org.testng.reporters.JUnitReportReporter -->
<testsuite hostname="Gopi-PC" failures="0" tests="3" name="AmazonProject.Tests.SignInTest" time="109.015" errors="0" timestamp="2024-03-11T18:27:09 IST" skipped="1">
  <testcase classname="AmazonProject.Tests.SignInTest" name="signIn" time="29.990"/>
  <testcase classname="AmazonProject.Tests.SignInTest" name="signIn" time="41.996"/>
  <testcase classname="AmazonProject.Tests.SignInTest" name="signIn" time="37.029">
    <skipped/>
  </testcase> <!-- signIn -->
</testsuite> <!-- AmazonProject.Tests.SignInTest -->
