<?xml version="1.0" encoding="UTF-8"?>
<!-- Generated by org.testng.reporters.JUnitReportReporter -->
<testsuite hostname="Gopi-PC" failures="0" tests="1" name="AmazonProject.Tests.LocationTest" time="26.405" errors="0" timestamp="2024-03-11T17:51:44 IST" skipped="0">
  <testcase classname="AmazonProject.Tests.LocationTest" name="locationTest" time="26.405"/>
</testsuite> <!-- AmazonProject.Tests.LocationTest -->
