<?xml version="1.0" encoding="UTF-8"?>
<!-- Generated by org.testng.reporters.JUnitReportReporter -->
<testsuite hostname="Gopi-PC" failures="0" tests="2" name="RedBus.Tests.SearchBusTest" time="29.611" errors="0" timestamp="2024-03-23T18:55:03 IST" skipped="0">
  <testcase classname="RedBus.Tests.SearchBusTest" name="BusSearch" time="17.801"/>
  <testcase classname="RedBus.Tests.SearchBusTest" name="isLogoResent" time="11.810"/>
</testsuite> <!-- RedBus.Tests.SearchBusTest -->
